<?xml version="1.0" encoding="UTF-8"?>
<testsuite xmlns:xsi="http://www.w3.org/2001/XMLSchema-instance" xsi:noNamespaceSchemaLocation="https://maven.apache.org/surefire/maven-surefire-plugin/xsd/surefire-test-report-3.0.xsd" version="3.0" name="GameRoundTests" time="0.09" tests="5" errors="0" skipped="0" failures="0">
  <properties>
[...]
</properties>
  <testcase name="testGuessWithRepeatedLettersInAnswer" classname="GameRoundTests" time="0.037"/>
  <testcase name="testCorrectAndWrongPositions" classname="GameRoundTests" time="0.001"/>
  <testcase name="testAllCorrect" classname="GameRoundTests" time="0.003"/>
  <testcase name="testNoMatches" classname="GameRoundTests" time="0.001"/>
  <testcase name="testRepeatedLettersInGuess" classname="GameRoundTests" time="0.001"/>
</testsuite>